This is pdfTeX, Version 3.141592653-2.6-1.40.26 (MiKTeX 24.4) (preloaded format=latex 2024.9.13)  24 JUN 2025 21:18
entering extended mode
 restricted \write18 enabled.
 %&-line parsing enabled.
**./presentation.tex
(presentation.tex
LaTeX2e <2024-06-01> patch level 2
L3 programming layer <2024-08-16>
(C:\Users\marts\AppData\Local\Programs\MiKTeX\tex/latex/beamer\beamer.cls
Document Class: beamer 2025/02/04 v3.72 A class for typesetting presentations

(C:\Users\marts\AppData\Local\Programs\MiKTeX\tex/latex/beamer\beamerbasemodes.
sty
(C:\Users\marts\AppData\Local\Programs\MiKTeX\tex/latex/etoolbox\etoolbox.sty
Package: etoolbox 2020/10/05 v2.5k e-TeX tools for LaTeX (JAW)
\etb@tempcnta=\count194
)
\beamer@tempbox=\box52
\beamer@tempcount=\count195
\c@beamerpauses=\count196

(C:\Users\marts\AppData\Local\Programs\MiKTeX\tex/latex/beamer\beamerbasedecode
.sty
\beamer@slideinframe=\count197
\beamer@minimum=\count198
\beamer@decode@box=\box53
)
\beamer@commentbox=\box54
\beamer@modecount=\count199
)
(C:\Users\marts\AppData\Local\Programs\MiKTeX\tex/generic/iftex\iftex.sty
Package: iftex 2022/02/03 v1.0f TeX engine tests
)
\headdp=\dimen141
\footheight=\dimen142
\sidebarheight=\dimen143
\beamer@tempdim=\dimen144
\beamer@finalheight=\dimen145
\beamer@animht=\dimen146
\beamer@animdp=\dimen147
\beamer@animwd=\dimen148
\beamer@leftmargin=\dimen149
\beamer@rightmargin=\dimen150
\beamer@leftsidebar=\dimen151
\beamer@rightsidebar=\dimen152
\beamer@boxsize=\dimen153
\beamer@vboxoffset=\dimen154
\beamer@descdefault=\dimen155
\beamer@descriptionwidth=\dimen156
\beamer@lastskip=\skip49
\beamer@areabox=\box55
\beamer@animcurrent=\box56
\beamer@animshowbox=\box57
\beamer@sectionbox=\box58
\beamer@logobox=\box59
\beamer@linebox=\box60
\beamer@sectioncount=\count266
\beamer@subsubsectionmax=\count267
\beamer@subsectionmax=\count268
\beamer@sectionmax=\count269
\beamer@totalheads=\count270
\beamer@headcounter=\count271
\beamer@partstartpage=\count272
\beamer@sectionstartpage=\count273
\beamer@subsectionstartpage=\count274
\beamer@animationtempa=\count275
\beamer@animationtempb=\count276
\beamer@xpos=\count277
\beamer@ypos=\count278
\beamer@ypos@offset=\count279
\beamer@showpartnumber=\count280
\beamer@currentsubsection=\count281
\beamer@coveringdepth=\count282
\beamer@sectionadjust=\count283
\beamer@toclastsection=\count284
\beamer@tocsectionnumber=\count285

(C:\Users\marts\AppData\Local\Programs\MiKTeX\tex/latex/beamer\beamerbaseoption
s.sty
(C:\Users\marts\AppData\Local\Programs\MiKTeX\tex/latex/graphics\keyval.sty
Package: keyval 2022/05/29 v1.15 key=value parser (DPC)
\KV@toks@=\toks17
))
\beamer@paperwidth=\skip50
\beamer@paperheight=\skip51

(C:\Users\marts\AppData\Local\Programs\MiKTeX\tex/latex/geometry\geometry.sty
Package: geometry 2020/01/02 v5.9 Page Geometry

(C:\Users\marts\AppData\Local\Programs\MiKTeX\tex/generic/iftex\ifvtex.sty
Package: ifvtex 2019/10/25 v1.7 ifvtex legacy package. Use iftex instead.
)
\Gm@cnth=\count286
\Gm@cntv=\count287
\c@Gm@tempcnt=\count288
\Gm@bindingoffset=\dimen157
\Gm@wd@mp=\dimen158
\Gm@odd@mp=\dimen159
\Gm@even@mp=\dimen160
\Gm@layoutwidth=\dimen161
\Gm@layoutheight=\dimen162
\Gm@layouthoffset=\dimen163
\Gm@layoutvoffset=\dimen164
\Gm@dimlist=\toks18

(C:\Users\marts\AppData\Local\Programs\MiKTeX\tex/latex/geometry\geometry.cfg))
(C:\Users\marts\AppData\Local\Programs\MiKTeX\tex/latex/pgf/math\pgfmath.sty
(C:\Users\marts\AppData\Local\Programs\MiKTeX\tex/latex/pgf/utilities\pgfrcs.st
y
(C:\Users\marts\AppData\Local\Programs\MiKTeX\tex/generic/pgf/utilities\pgfutil
-common.tex
\pgfutil@everybye=\toks19
\pgfutil@tempdima=\dimen165
\pgfutil@tempdimb=\dimen166
)
(C:\Users\marts\AppData\Local\Programs\MiKTeX\tex/generic/pgf/utilities\pgfutil
-latex.def
\pgfutil@abb=\box61
)
(C:\Users\marts\AppData\Local\Programs\MiKTeX\tex/generic/pgf/utilities\pgfrcs.
code.tex
(C:\Users\marts\AppData\Local\Programs\MiKTeX\tex/generic/pgf\pgf.revision.tex)
Package: pgfrcs 2023-01-15 v3.1.10 (3.1.10)
))
(C:\Users\marts\AppData\Local\Programs\MiKTeX\tex/latex/pgf/utilities\pgfkeys.s
ty
(C:\Users\marts\AppData\Local\Programs\MiKTeX\tex/generic/pgf/utilities\pgfkeys
.code.tex
\pgfkeys@pathtoks=\toks20
\pgfkeys@temptoks=\toks21

(C:\Users\marts\AppData\Local\Programs\MiKTeX\tex/generic/pgf/utilities\pgfkeys
libraryfiltered.code.tex
\pgfkeys@tmptoks=\toks22
)))
(C:\Users\marts\AppData\Local\Programs\MiKTeX\tex/generic/pgf/math\pgfmath.code
.tex
(C:\Users\marts\AppData\Local\Programs\MiKTeX\tex/generic/pgf/math\pgfmathutil.
code.tex
\pgf@x=\dimen167
\pgf@xa=\dimen168
\pgf@xb=\dimen169
\pgf@xc=\dimen170
\pgf@y=\dimen171
\pgf@ya=\dimen172
\pgf@yb=\dimen173
\pgf@yc=\dimen174
\c@pgf@counta=\count289
\c@pgf@countb=\count290
\c@pgf@countc=\count291
\c@pgf@countd=\count292
)
(C:\Users\marts\AppData\Local\Programs\MiKTeX\tex/generic/pgf/math\pgfmathparse
r.code.tex
\pgfmath@dimen=\dimen175
\pgfmath@count=\count293
\pgfmath@box=\box62
\pgfmath@toks=\toks23
\pgfmath@stack@operand=\toks24
\pgfmath@stack@operation=\toks25
)
(C:\Users\marts\AppData\Local\Programs\MiKTeX\tex/generic/pgf/math\pgfmathfunct
ions.code.tex)
(C:\Users\marts\AppData\Local\Programs\MiKTeX\tex/generic/pgf/math\pgfmathfunct
ions.basic.code.tex)
(C:\Users\marts\AppData\Local\Programs\MiKTeX\tex/generic/pgf/math\pgfmathfunct
ions.trigonometric.code.tex)
(C:\Users\marts\AppData\Local\Programs\MiKTeX\tex/generic/pgf/math\pgfmathfunct
ions.random.code.tex)
(C:\Users\marts\AppData\Local\Programs\MiKTeX\tex/generic/pgf/math\pgfmathfunct
ions.comparison.code.tex)
(C:\Users\marts\AppData\Local\Programs\MiKTeX\tex/generic/pgf/math\pgfmathfunct
ions.base.code.tex)
(C:\Users\marts\AppData\Local\Programs\MiKTeX\tex/generic/pgf/math\pgfmathfunct
ions.round.code.tex)
(C:\Users\marts\AppData\Local\Programs\MiKTeX\tex/generic/pgf/math\pgfmathfunct
ions.misc.code.tex)
(C:\Users\marts\AppData\Local\Programs\MiKTeX\tex/generic/pgf/math\pgfmathfunct
ions.integerarithmetics.code.tex)
(C:\Users\marts\AppData\Local\Programs\MiKTeX\tex/generic/pgf/math\pgfmathcalc.
code.tex)
(C:\Users\marts\AppData\Local\Programs\MiKTeX\tex/generic/pgf/math\pgfmathfloat
.code.tex
\c@pgfmathroundto@lastzeros=\count294
)))
(C:\Users\marts\AppData\Local\Programs\MiKTeX\tex/latex/base\size11.clo
File: size11.clo 2024/02/08 v1.4n Standard LaTeX file (size option)
)
(C:\Users\marts\AppData\Local\Programs\MiKTeX\tex/latex/pgf/basiclayer\pgfcore.
sty
(C:\Users\marts\AppData\Local\Programs\MiKTeX\tex/latex/graphics\graphicx.sty
Package: graphicx 2021/09/16 v1.2d Enhanced LaTeX Graphics (DPC,SPQR)

(C:\Users\marts\AppData\Local\Programs\MiKTeX\tex/latex/graphics\graphics.sty
Package: graphics 2024/05/23 v1.4g Standard LaTeX Graphics (DPC,SPQR)

(C:\Users\marts\AppData\Local\Programs\MiKTeX\tex/latex/graphics\trig.sty
Package: trig 2023/12/02 v1.11 sin cos tan (DPC)
)
(C:\Users\marts\AppData\Local\Programs\MiKTeX\tex/latex/graphics-cfg\graphics.c
fg
File: graphics.cfg 2016/06/04 v1.11 sample graphics configuration
)
Package graphics Info: Driver file: dvips.def on input line 106.

(C:\Users\marts\AppData\Local\Programs\MiKTeX\tex/latex/graphics-def\dvips.def
File: dvips.def 2022/09/22 v3.1e Graphics/color driver for dvips
))
\Gin@req@height=\dimen176
\Gin@req@width=\dimen177
)
(C:\Users\marts\AppData\Local\Programs\MiKTeX\tex/latex/pgf/systemlayer\pgfsys.
sty
(C:\Users\marts\AppData\Local\Programs\MiKTeX\tex/generic/pgf/systemlayer\pgfsy
s.code.tex
Package: pgfsys 2023-01-15 v3.1.10 (3.1.10)
\pgf@x=\dimen178
\pgf@y=\dimen179
\pgf@xa=\dimen180
\pgf@ya=\dimen181
\pgf@xb=\dimen182
\pgf@yb=\dimen183
\pgf@xc=\dimen184
\pgf@yc=\dimen185
\pgf@xd=\dimen186
\pgf@yd=\dimen187
\w@pgf@writea=\write3
\r@pgf@reada=\read2
\c@pgf@counta=\count295
\c@pgf@countb=\count296
\c@pgf@countc=\count297
\c@pgf@countd=\count298
\t@pgf@toka=\toks26
\t@pgf@tokb=\toks27
\t@pgf@tokc=\toks28
\pgf@sys@id@count=\count299

(C:\Users\marts\AppData\Local\Programs\MiKTeX\tex/generic/pgf/systemlayer\pgf.c
fg
File: pgf.cfg 2023-01-15 v3.1.10 (3.1.10)
)
Driver file for pgf: pgfsys-dvips.def

(C:\Users\marts\AppData\Local\Programs\MiKTeX\tex/generic/pgf/systemlayer\pgfsy
s-dvips.def
File: pgfsys-dvips.def 2023-01-15 v3.1.10 (3.1.10)

(C:\Users\marts\AppData\Local\Programs\MiKTeX\tex/generic/pgf/systemlayer\pgfsy
s-common-postscript.def
File: pgfsys-common-postscript.def 2023-01-15 v3.1.10 (3.1.10)
\pgf@objectcount=\count300
)))
(C:\Users\marts\AppData\Local\Programs\MiKTeX\tex/generic/pgf/systemlayer\pgfsy
ssoftpath.code.tex
File: pgfsyssoftpath.code.tex 2023-01-15 v3.1.10 (3.1.10)
\pgfsyssoftpath@smallbuffer@items=\count301
\pgfsyssoftpath@bigbuffer@items=\count302
)
(C:\Users\marts\AppData\Local\Programs\MiKTeX\tex/generic/pgf/systemlayer\pgfsy
sprotocol.code.tex
File: pgfsysprotocol.code.tex 2023-01-15 v3.1.10 (3.1.10)
))
(C:\Users\marts\AppData\Local\Programs\MiKTeX\tex/latex/xcolor\xcolor.sty
Package: xcolor 2023/11/15 v3.01 LaTeX color extensions (UK)

(C:\Users\marts\AppData\Local\Programs\MiKTeX\tex/latex/graphics-cfg\color.cfg
File: color.cfg 2016/01/02 v1.6 sample color configuration
)
Package xcolor Info: Driver file: dvips.def on input line 274.
(C:\Users\marts\AppData\Local\Programs\MiKTeX\tex/latex/graphics\mathcolor.ltx)
Package xcolor Info: Model `cmy' substituted by `cmy0' on input line 1350.
Package xcolor Info: Model `RGB' extended on input line 1366.
Package xcolor Info: Model `HTML' substituted by `rgb' on input line 1368.
Package xcolor Info: Model `Hsb' substituted by `hsb' on input line 1369.
Package xcolor Info: Model `tHsb' substituted by `hsb' on input line 1370.
Package xcolor Info: Model `HSB' substituted by `hsb' on input line 1371.
Package xcolor Info: Model `Gray' substituted by `gray' on input line 1372.
Package xcolor Info: Model `wave' substituted by `hsb' on input line 1373.
)
(C:\Users\marts\AppData\Local\Programs\MiKTeX\tex/generic/pgf/basiclayer\pgfcor
e.code.tex
Package: pgfcore 2023-01-15 v3.1.10 (3.1.10)

(C:\Users\marts\AppData\Local\Programs\MiKTeX\tex/generic/pgf/math\pgfint.code.
tex)
(C:\Users\marts\AppData\Local\Programs\MiKTeX\tex/generic/pgf/basiclayer\pgfcor
epoints.code.tex
File: pgfcorepoints.code.tex 2023-01-15 v3.1.10 (3.1.10)
\pgf@picminx=\dimen188
\pgf@picmaxx=\dimen189
\pgf@picminy=\dimen190
\pgf@picmaxy=\dimen191
\pgf@pathminx=\dimen192
\pgf@pathmaxx=\dimen193
\pgf@pathminy=\dimen194
\pgf@pathmaxy=\dimen195
\pgf@xx=\dimen196
\pgf@xy=\dimen197
\pgf@yx=\dimen198
\pgf@yy=\dimen199
\pgf@zx=\dimen256
\pgf@zy=\dimen257
)
(C:\Users\marts\AppData\Local\Programs\MiKTeX\tex/generic/pgf/basiclayer\pgfcor
epathconstruct.code.tex
File: pgfcorepathconstruct.code.tex 2023-01-15 v3.1.10 (3.1.10)
\pgf@path@lastx=\dimen258
\pgf@path@lasty=\dimen259
)
(C:\Users\marts\AppData\Local\Programs\MiKTeX\tex/generic/pgf/basiclayer\pgfcor
epathusage.code.tex
File: pgfcorepathusage.code.tex 2023-01-15 v3.1.10 (3.1.10)
\pgf@shorten@end@additional=\dimen260
\pgf@shorten@start@additional=\dimen261
)
(C:\Users\marts\AppData\Local\Programs\MiKTeX\tex/generic/pgf/basiclayer\pgfcor
escopes.code.tex
File: pgfcorescopes.code.tex 2023-01-15 v3.1.10 (3.1.10)
\pgfpic=\box63
\pgf@hbox=\box64
\pgf@layerbox@main=\box65
\pgf@picture@serial@count=\count303
)
(C:\Users\marts\AppData\Local\Programs\MiKTeX\tex/generic/pgf/basiclayer\pgfcor
egraphicstate.code.tex
File: pgfcoregraphicstate.code.tex 2023-01-15 v3.1.10 (3.1.10)
\pgflinewidth=\dimen262
)
(C:\Users\marts\AppData\Local\Programs\MiKTeX\tex/generic/pgf/basiclayer\pgfcor
etransformations.code.tex
File: pgfcoretransformations.code.tex 2023-01-15 v3.1.10 (3.1.10)
\pgf@pt@x=\dimen263
\pgf@pt@y=\dimen264
\pgf@pt@temp=\dimen265
)
(C:\Users\marts\AppData\Local\Programs\MiKTeX\tex/generic/pgf/basiclayer\pgfcor
equick.code.tex
File: pgfcorequick.code.tex 2023-01-15 v3.1.10 (3.1.10)
)
(C:\Users\marts\AppData\Local\Programs\MiKTeX\tex/generic/pgf/basiclayer\pgfcor
eobjects.code.tex
File: pgfcoreobjects.code.tex 2023-01-15 v3.1.10 (3.1.10)
)
(C:\Users\marts\AppData\Local\Programs\MiKTeX\tex/generic/pgf/basiclayer\pgfcor
epathprocessing.code.tex
File: pgfcorepathprocessing.code.tex 2023-01-15 v3.1.10 (3.1.10)
)
(C:\Users\marts\AppData\Local\Programs\MiKTeX\tex/generic/pgf/basiclayer\pgfcor
earrows.code.tex
File: pgfcorearrows.code.tex 2023-01-15 v3.1.10 (3.1.10)
\pgfarrowsep=\dimen266
)
(C:\Users\marts\AppData\Local\Programs\MiKTeX\tex/generic/pgf/basiclayer\pgfcor
eshade.code.tex
File: pgfcoreshade.code.tex 2023-01-15 v3.1.10 (3.1.10)
\pgf@max=\dimen267
\pgf@sys@shading@range@num=\count304
\pgf@shadingcount=\count305
)
(C:\Users\marts\AppData\Local\Programs\MiKTeX\tex/generic/pgf/basiclayer\pgfcor
eimage.code.tex
File: pgfcoreimage.code.tex 2023-01-15 v3.1.10 (3.1.10)
)
(C:\Users\marts\AppData\Local\Programs\MiKTeX\tex/generic/pgf/basiclayer\pgfcor
eexternal.code.tex
File: pgfcoreexternal.code.tex 2023-01-15 v3.1.10 (3.1.10)
\pgfexternal@startupbox=\box66
)
(C:\Users\marts\AppData\Local\Programs\MiKTeX\tex/generic/pgf/basiclayer\pgfcor
elayers.code.tex
File: pgfcorelayers.code.tex 2023-01-15 v3.1.10 (3.1.10)
)
(C:\Users\marts\AppData\Local\Programs\MiKTeX\tex/generic/pgf/basiclayer\pgfcor
etransparency.code.tex
File: pgfcoretransparency.code.tex 2023-01-15 v3.1.10 (3.1.10)
)
(C:\Users\marts\AppData\Local\Programs\MiKTeX\tex/generic/pgf/basiclayer\pgfcor
epatterns.code.tex
File: pgfcorepatterns.code.tex 2023-01-15 v3.1.10 (3.1.10)
)
(C:\Users\marts\AppData\Local\Programs\MiKTeX\tex/generic/pgf/basiclayer\pgfcor
erdf.code.tex
File: pgfcorerdf.code.tex 2023-01-15 v3.1.10 (3.1.10)
)))
(C:\Users\marts\AppData\Local\Programs\MiKTeX\tex/latex/pgf/utilities\xxcolor.s
ty
Package: xxcolor 2003/10/24 ver 0.1
\XC@nummixins=\count306
\XC@countmixins=\count307
)
(C:\Users\marts\AppData\Local\Programs\MiKTeX\tex/latex/base\atbegshi-ltx.sty
Package: atbegshi-ltx 2021/01/10 v1.0c Emulation of the original atbegshi
package with kernel methods
)
(C:\Users\marts\AppData\Local\Programs\MiKTeX\tex/latex/hyperref\hyperref.sty
Package: hyperref 2024-07-10 v7.01j Hypertext links for LaTeX

(C:\Users\marts\AppData\Local\Programs\MiKTeX\tex/latex/kvsetkeys\kvsetkeys.sty
Package: kvsetkeys 2022-10-05 v1.19 Key value parser (HO)
)
(C:\Users\marts\AppData\Local\Programs\MiKTeX\tex/generic/kvdefinekeys\kvdefine
keys.sty
Package: kvdefinekeys 2019-12-19 v1.6 Define keys (HO)
)
(C:\Users\marts\AppData\Local\Programs\MiKTeX\tex/generic/pdfescape\pdfescape.s
ty
Package: pdfescape 2019/12/09 v1.15 Implements pdfTeX's escape features (HO)

(C:\Users\marts\AppData\Local\Programs\MiKTeX\tex/generic/ltxcmds\ltxcmds.sty
Package: ltxcmds 2023-12-04 v1.26 LaTeX kernel commands for general use (HO)
)
(C:\Users\marts\AppData\Local\Programs\MiKTeX\tex/generic/pdftexcmds\pdftexcmds
.sty
Package: pdftexcmds 2020-06-27 v0.33 Utility functions of pdfTeX for LuaTeX (HO
)

(C:\Users\marts\AppData\Local\Programs\MiKTeX\tex/generic/infwarerr\infwarerr.s
ty
Package: infwarerr 2019/12/03 v1.5 Providing info/warning/error messages (HO)
)
Package pdftexcmds Info: \pdf@primitive is available.
Package pdftexcmds Info: \pdf@ifprimitive is available.
Package pdftexcmds Info: \pdfdraftmode is ignored in DVI mode.
))
(C:\Users\marts\AppData\Local\Programs\MiKTeX\tex/latex/hycolor\hycolor.sty
Package: hycolor 2020-01-27 v1.10 Color options for hyperref/bookmark (HO)
)
(C:\Users\marts\AppData\Local\Programs\MiKTeX\tex/latex/hyperref\nameref.sty
Package: nameref 2023-11-26 v2.56 Cross-referencing by name of section

(C:\Users\marts\AppData\Local\Programs\MiKTeX\tex/latex/refcount\refcount.sty
Package: refcount 2019/12/15 v3.6 Data extraction from label references (HO)
)
(C:\Users\marts\AppData\Local\Programs\MiKTeX\tex/generic/gettitlestring\gettit
lestring.sty
Package: gettitlestring 2019/12/15 v1.6 Cleanup title references (HO)

(C:\Users\marts\AppData\Local\Programs\MiKTeX\tex/latex/kvoptions\kvoptions.sty
Package: kvoptions 2022-06-15 v3.15 Key value format for package options (HO)
))
\c@section@level=\count308
)
(C:\Users\marts\AppData\Local\Programs\MiKTeX\tex/generic/stringenc\stringenc.s
ty
Package: stringenc 2019/11/29 v1.12 Convert strings between diff. encodings (HO
)
)
\@linkdim=\dimen268
\Hy@linkcounter=\count309
\Hy@pagecounter=\count310
 (C:\Users\marts\AppData\Local\Programs\MiKTeX\tex/latex/hyperref\pd1enc.def
File: pd1enc.def 2024-07-10 v7.01j Hyperref: PDFDocEncoding definition (HO)
Now handling font encoding PD1 ...
... no UTF-8 mapping file for font encoding PD1
) (C:\Users\marts\AppData\Local\Programs\MiKTeX\tex/generic/intcalc\intcalc.sty
Package: intcalc 2019/12/15 v1.3 Expandable calculations with integers (HO)
)
\Hy@SavedSpaceFactor=\count311
 (C:\Users\marts\AppData\Local\Programs\MiKTeX\tex/latex/hyperref\puenc.def
File: puenc.def 2024-07-10 v7.01j Hyperref: PDF Unicode definition (HO)
Now handling font encoding PU ...
... no UTF-8 mapping file for font encoding PU
)
Package hyperref Info: Option `bookmarks' set `true' on input line 4040.
Package hyperref Info: Option `bookmarksopen' set `true' on input line 4040.
Package hyperref Info: Option `implicit' set `false' on input line 4040.
Package hyperref Info: Hyper figures OFF on input line 4157.
Package hyperref Info: Link nesting OFF on input line 4162.
Package hyperref Info: Hyper index ON on input line 4165.
Package hyperref Info: Plain pages OFF on input line 4172.
Package hyperref Info: Backreferencing OFF on input line 4177.
Package hyperref Info: Implicit mode OFF; no redefinition of LaTeX internals.
Package hyperref Info: Bookmarks ON on input line 4424.
\c@Hy@tempcnt=\count312

(C:\Users\marts\AppData\Local\Programs\MiKTeX\tex/latex/url\url.sty
\Urlmuskip=\muskip17
Package: url 2013/09/16  ver 3.4  Verb mode for urls, etc.
)
LaTeX Info: Redefining \url on input line 4763.
\XeTeXLinkMargin=\dimen269

(C:\Users\marts\AppData\Local\Programs\MiKTeX\tex/generic/bitset\bitset.sty
Package: bitset 2019/12/09 v1.3 Handle bit-vector datatype (HO)

(C:\Users\marts\AppData\Local\Programs\MiKTeX\tex/generic/bigintcalc\bigintcalc
.sty
Package: bigintcalc 2019/12/15 v1.5 Expandable calculations on big integers (HO
)
))
\Fld@menulength=\count313
\Field@Width=\dimen270
\Fld@charsize=\dimen271
Package hyperref Info: Hyper figures OFF on input line 6042.
Package hyperref Info: Link nesting OFF on input line 6047.
Package hyperref Info: Hyper index ON on input line 6050.
Package hyperref Info: backreferencing OFF on input line 6057.
Package hyperref Info: Link coloring OFF on input line 6062.
Package hyperref Info: Link coloring with OCG OFF on input line 6067.
Package hyperref Info: PDF/A mode OFF on input line 6072.
\Hy@abspage=\count314


Package hyperref Message: Stopped early.

)
Package hyperref Info: Driver (default): hdvips.
 (C:\Users\marts\AppData\Local\Programs\MiKTeX\tex/latex/hyperref\hdvips.def
File: hdvips.def 2024-07-10 v7.01j Hyperref driver for dvips

(C:\Users\marts\AppData\Local\Programs\MiKTeX\tex/latex/hyperref\pdfmark.def
File: pdfmark.def 2024-07-10 v7.01j Hyperref definitions for pdfmark specials
\pdf@docset=\toks29
\pdf@box=\box67
\pdf@toks=\toks30
\pdf@defaulttoks=\toks31
\HyField@AnnotCount=\count315
\Fld@listcount=\count316
\c@bookmark@seq@number=\count317

(C:\Users\marts\AppData\Local\Programs\MiKTeX\tex/latex/rerunfilecheck\rerunfil
echeck.sty
Package: rerunfilecheck 2022-07-10 v1.10 Rerun checks for auxiliary files (HO)

(C:\Users\marts\AppData\Local\Programs\MiKTeX\tex/latex/base\atveryend-ltx.sty
Package: atveryend-ltx 2020/08/19 v1.0a Emulation of the original atveryend pac
kage
with kernel methods
)
(C:\Users\marts\AppData\Local\Programs\MiKTeX\tex/generic/uniquecounter\uniquec
ounter.sty
Package: uniquecounter 2019/12/15 v1.4 Provide unlimited unique counter (HO)
)
Package uniquecounter Info: New unique counter `rerunfilecheck' on input line 2
85.
)))
(C:\Users\marts\AppData\Local\Programs\MiKTeX\tex/latex/beamer\beamerbaserequir
es.sty
(C:\Users\marts\AppData\Local\Programs\MiKTeX\tex/latex/beamer\beamerbasecompat
ibility.sty)
(C:\Users\marts\AppData\Local\Programs\MiKTeX\tex/latex/beamer\beamerbasefont.s
ty (C:\Users\marts\AppData\Local\Programs\MiKTeX\tex/latex/amsfonts\amssymb.sty
Package: amssymb 2013/01/14 v3.01 AMS font symbols
(C:\Users\marts\AppData\Local\Programs\MiKTeX\tex/latex/amsfonts\amsfonts.sty
Package: amsfonts 2013/01/14 v3.01 Basic AMSFonts support
\@emptytoks=\toks32
\symAMSa=\mathgroup4
\symAMSb=\mathgroup5
LaTeX Font Info:    Redeclaring math symbol \hbar on input line 98.
LaTeX Font Info:    Overwriting math alphabet `\mathfrak' in version `bold'
(Font)                  U/euf/m/n --> U/euf/b/n on input line 106.
))
(C:\Users\marts\AppData\Local\Programs\MiKTeX\tex/latex/sansmathaccent\sansmath
accent.sty
Package: sansmathaccent 2020/01/31

(C:\Users\marts\AppData\Local\Programs\MiKTeX\tex/latex/koma-script\scrlfile.st
y
Package: scrlfile 2024/10/24 v3.43 KOMA-Script package (file load hooks)

(C:\Users\marts\AppData\Local\Programs\MiKTeX\tex/latex/koma-script\scrlfile-ho
ok.sty
Package: scrlfile-hook 2024/10/24 v3.43 KOMA-Script package (using LaTeX hooks)


(C:\Users\marts\AppData\Local\Programs\MiKTeX\tex/latex/koma-script\scrlogo.sty
Package: scrlogo 2024/10/24 v3.43 KOMA-Script package (logo)
)))))
(C:\Users\marts\AppData\Local\Programs\MiKTeX\tex/latex/beamer\beamerbasetransl
ator.sty
(C:\Users\marts\AppData\Local\Programs\MiKTeX\tex/latex/translator\translator.s
ty
Package: translator 2021-05-31 v1.12d Easy translation of strings in LaTeX
))
(C:\Users\marts\AppData\Local\Programs\MiKTeX\tex/latex/beamer\beamerbasemisc.s
ty)
(C:\Users\marts\AppData\Local\Programs\MiKTeX\tex/latex/beamer\beamerbasetwoscr
eens.sty)
(C:\Users\marts\AppData\Local\Programs\MiKTeX\tex/latex/beamer\beamerbaseoverla
y.sty
\beamer@argscount=\count318
\beamer@lastskipcover=\skip52
\beamer@trivlistdepth=\count319
)
(C:\Users\marts\AppData\Local\Programs\MiKTeX\tex/latex/beamer\beamerbasetitle.
sty)
(C:\Users\marts\AppData\Local\Programs\MiKTeX\tex/latex/beamer\beamerbasesectio
n.sty
\c@lecture=\count320
\c@part=\count321
\c@section=\count322
\c@subsection=\count323
\c@subsubsection=\count324
)
(C:\Users\marts\AppData\Local\Programs\MiKTeX\tex/latex/beamer\beamerbaseframe.
sty
\beamer@framebox=\box68
\beamer@frametitlebox=\box69
\beamer@zoombox=\box70
\beamer@zoomcount=\count325
\beamer@zoomframecount=\count326
\beamer@frametextheight=\dimen272
\c@subsectionslide=\count327
\beamer@frametopskip=\skip53
\beamer@framebottomskip=\skip54
\beamer@frametopskipautobreak=\skip55
\beamer@framebottomskipautobreak=\skip56
\beamer@envbody=\toks33
\framewidth=\dimen273
\c@framenumber=\count328
)
(C:\Users\marts\AppData\Local\Programs\MiKTeX\tex/latex/beamer\beamerbaseverbat
im.sty
\beamer@verbatimfileout=\write4
)
(C:\Users\marts\AppData\Local\Programs\MiKTeX\tex/latex/beamer\beamerbaseframes
ize.sty
\beamer@splitbox=\box71
\beamer@autobreakcount=\count329
\beamer@autobreaklastheight=\dimen274
\beamer@frametitletoks=\toks34
\beamer@framesubtitletoks=\toks35
)
(C:\Users\marts\AppData\Local\Programs\MiKTeX\tex/latex/beamer\beamerbaseframec
omponents.sty
\beamer@footins=\box72
)
(C:\Users\marts\AppData\Local\Programs\MiKTeX\tex/latex/beamer\beamerbasecolor.
sty)
(C:\Users\marts\AppData\Local\Programs\MiKTeX\tex/latex/beamer\beamerbasenotes.
sty
\beamer@frameboxcopy=\box73
)
(C:\Users\marts\AppData\Local\Programs\MiKTeX\tex/latex/beamer\beamerbasetoc.st
y)
(C:\Users\marts\AppData\Local\Programs\MiKTeX\tex/latex/beamer\beamerbasetempla
tes.sty
\beamer@sbttoks=\toks36

(C:\Users\marts\AppData\Local\Programs\MiKTeX\tex/latex/beamer\beamerbaseauxtem
plates.sty
(C:\Users\marts\AppData\Local\Programs\MiKTeX\tex/latex/beamer\beamerbaseboxes.
sty
\bmb@box=\box74
\bmb@colorbox=\box75
\bmb@boxwidth=\dimen275
\bmb@boxheight=\dimen276
\bmb@prevheight=\dimen277
\bmb@temp=\dimen278
\bmb@dima=\dimen279
\bmb@dimb=\dimen280
\bmb@prevheight=\dimen281
)
\beamer@blockheadheight=\dimen282
))
(C:\Users\marts\AppData\Local\Programs\MiKTeX\tex/latex/beamer\beamerbaselocals
tructure.sty
(C:\Users\marts\AppData\Local\Programs\MiKTeX\tex/latex/tools\enumerate.sty
Package: enumerate 2023/07/04 v3.00 enumerate extensions (DPC)
\@enLab=\toks37
)
\beamer@bibiconwidth=\skip57
\c@figure=\count330
\c@table=\count331
\abovecaptionskip=\skip58
\belowcaptionskip=\skip59
)
(C:\Users\marts\AppData\Local\Programs\MiKTeX\tex/latex/beamer\beamerbasenaviga
tion.sty
(C:\Users\marts\AppData\Local\Programs\MiKTeX\tex/latex/beamer\beamerbasenaviga
tionsymbols.tex)
\beamer@section@min@dim=\dimen283
)
(C:\Users\marts\AppData\Local\Programs\MiKTeX\tex/latex/beamer\beamerbasetheore
ms.sty
(C:\Users\marts\AppData\Local\Programs\MiKTeX\tex/latex/amsmath\amsmath.sty
Package: amsmath 2024/05/23 v2.17q AMS math features
\@mathmargin=\skip60

For additional information on amsmath, use the `?' option.
(C:\Users\marts\AppData\Local\Programs\MiKTeX\tex/latex/amsmath\amstext.sty
Package: amstext 2021/08/26 v2.01 AMS text

(C:\Users\marts\AppData\Local\Programs\MiKTeX\tex/latex/amsmath\amsgen.sty
File: amsgen.sty 1999/11/30 v2.0 generic functions
\@emptytoks=\toks38
\ex@=\dimen284
))
(C:\Users\marts\AppData\Local\Programs\MiKTeX\tex/latex/amsmath\amsbsy.sty
Package: amsbsy 1999/11/29 v1.2d Bold Symbols
\pmbraise@=\dimen285
)
(C:\Users\marts\AppData\Local\Programs\MiKTeX\tex/latex/amsmath\amsopn.sty
Package: amsopn 2022/04/08 v2.04 operator names
)
\inf@bad=\count332
LaTeX Info: Redefining \frac on input line 233.
\uproot@=\count333
\leftroot@=\count334
LaTeX Info: Redefining \overline on input line 398.
LaTeX Info: Redefining \colon on input line 409.
\classnum@=\count335
\DOTSCASE@=\count336
LaTeX Info: Redefining \ldots on input line 495.
LaTeX Info: Redefining \dots on input line 498.
LaTeX Info: Redefining \cdots on input line 619.
\Mathstrutbox@=\box76
\strutbox@=\box77
LaTeX Info: Redefining \big on input line 721.
LaTeX Info: Redefining \Big on input line 722.
LaTeX Info: Redefining \bigg on input line 723.
LaTeX Info: Redefining \Bigg on input line 724.
\big@size=\dimen286
LaTeX Font Info:    Redeclaring font encoding OML on input line 742.
LaTeX Font Info:    Redeclaring font encoding OMS on input line 743.
\macc@depth=\count337
LaTeX Info: Redefining \bmod on input line 904.
LaTeX Info: Redefining \pmod on input line 909.
LaTeX Info: Redefining \smash on input line 939.
LaTeX Info: Redefining \relbar on input line 969.
LaTeX Info: Redefining \Relbar on input line 970.
\c@MaxMatrixCols=\count338
\dotsspace@=\muskip18
\c@parentequation=\count339
\dspbrk@lvl=\count340
\tag@help=\toks39
\row@=\count341
\column@=\count342
\maxfields@=\count343
\andhelp@=\toks40
\eqnshift@=\dimen287
\alignsep@=\dimen288
\tagshift@=\dimen289
\tagwidth@=\dimen290
\totwidth@=\dimen291
\lineht@=\dimen292
\@envbody=\toks41
\multlinegap=\skip61
\multlinetaggap=\skip62
\mathdisplay@stack=\toks42
LaTeX Info: Redefining \[ on input line 2953.
LaTeX Info: Redefining \] on input line 2954.
)
(C:\Users\marts\AppData\Local\Programs\MiKTeX\tex/latex/amscls\amsthm.sty
Package: amsthm 2020/05/29 v2.20.6
\thm@style=\toks43
\thm@bodyfont=\toks44
\thm@headfont=\toks45
\thm@notefont=\toks46
\thm@headpunct=\toks47
\thm@preskip=\skip63
\thm@postskip=\skip64
\thm@headsep=\skip65
\dth@everypar=\toks48
)
\c@theorem=\count344
)
(C:\Users\marts\AppData\Local\Programs\MiKTeX\tex/latex/beamer\beamerbasethemes
.sty))
(C:\Users\marts\AppData\Local\Programs\MiKTeX\tex/latex/beamer\beamerthemedefau
lt.sty
(C:\Users\marts\AppData\Local\Programs\MiKTeX\tex/latex/beamer\beamerfontthemed
efault.sty)
(C:\Users\marts\AppData\Local\Programs\MiKTeX\tex/latex/beamer\beamercolortheme
default.sty)
(C:\Users\marts\AppData\Local\Programs\MiKTeX\tex/latex/beamer\beamerinnertheme
default.sty
\beamer@dima=\dimen293
\beamer@dimb=\dimen294
)
(C:\Users\marts\AppData\Local\Programs\MiKTeX\tex/latex/beamer\beameroutertheme
default.sty)))
(C:\Users\marts\AppData\Local\Programs\MiKTeX\tex/latex/beamer\beamerthemeMadri
d.sty
(C:\Users\marts\AppData\Local\Programs\MiKTeX\tex/latex/beamer\beamercolortheme
whale.sty)
(C:\Users\marts\AppData\Local\Programs\MiKTeX\tex/latex/beamer\beamercolortheme
orchid.sty)
(C:\Users\marts\AppData\Local\Programs\MiKTeX\tex/latex/beamer\beamerinnertheme
rounded.sty)
(C:\Users\marts\AppData\Local\Programs\MiKTeX\tex/latex/beamer\beameroutertheme
infolines.sty))
(C:\Users\marts\AppData\Local\Programs\MiKTeX\tex/latex/pgf/frontendlayer\tikz.
sty
(C:\Users\marts\AppData\Local\Programs\MiKTeX\tex/latex/pgf/basiclayer\pgf.sty
Package: pgf 2023-01-15 v3.1.10 (3.1.10)

(C:\Users\marts\AppData\Local\Programs\MiKTeX\tex/generic/pgf/modules\pgfmodule
shapes.code.tex
File: pgfmoduleshapes.code.tex 2023-01-15 v3.1.10 (3.1.10)
\pgfnodeparttextbox=\box78
)
(C:\Users\marts\AppData\Local\Programs\MiKTeX\tex/generic/pgf/modules\pgfmodule
plot.code.tex
File: pgfmoduleplot.code.tex 2023-01-15 v3.1.10 (3.1.10)
)
(C:\Users\marts\AppData\Local\Programs\MiKTeX\tex/latex/pgf/compatibility\pgfco
mp-version-0-65.sty
Package: pgfcomp-version-0-65 2023-01-15 v3.1.10 (3.1.10)
\pgf@nodesepstart=\dimen295
\pgf@nodesepend=\dimen296
)
(C:\Users\marts\AppData\Local\Programs\MiKTeX\tex/latex/pgf/compatibility\pgfco
mp-version-1-18.sty
Package: pgfcomp-version-1-18 2023-01-15 v3.1.10 (3.1.10)
))
(C:\Users\marts\AppData\Local\Programs\MiKTeX\tex/latex/pgf/utilities\pgffor.st
y
(C:\Users\marts\AppData\Local\Programs\MiKTeX\tex/generic/pgf/utilities\pgffor.
code.tex
Package: pgffor 2023-01-15 v3.1.10 (3.1.10)
\pgffor@iter=\dimen297
\pgffor@skip=\dimen298
\pgffor@stack=\toks49
\pgffor@toks=\toks50
))
(C:\Users\marts\AppData\Local\Programs\MiKTeX\tex/generic/pgf/frontendlayer/tik
z\tikz.code.tex
Package: tikz 2023-01-15 v3.1.10 (3.1.10)

(C:\Users\marts\AppData\Local\Programs\MiKTeX\tex/generic/pgf/libraries\pgflibr
aryplothandlers.code.tex
File: pgflibraryplothandlers.code.tex 2023-01-15 v3.1.10 (3.1.10)
\pgf@plot@mark@count=\count345
\pgfplotmarksize=\dimen299
)
\tikz@lastx=\dimen300
\tikz@lasty=\dimen301
\tikz@lastxsaved=\dimen302
\tikz@lastysaved=\dimen303
\tikz@lastmovetox=\dimen304
\tikz@lastmovetoy=\dimen305
\tikzleveldistance=\dimen306
\tikzsiblingdistance=\dimen307
\tikz@figbox=\box79
\tikz@figbox@bg=\box80
\tikz@tempbox=\box81
\tikz@tempbox@bg=\box82
\tikztreelevel=\count346
\tikznumberofchildren=\count347
\tikznumberofcurrentchild=\count348
\tikz@fig@count=\count349

(C:\Users\marts\AppData\Local\Programs\MiKTeX\tex/generic/pgf/modules\pgfmodule
matrix.code.tex
File: pgfmodulematrix.code.tex 2023-01-15 v3.1.10 (3.1.10)
\pgfmatrixcurrentrow=\count350
\pgfmatrixcurrentcolumn=\count351
\pgf@matrix@numberofcolumns=\count352
)
\tikz@expandcount=\count353

(C:\Users\marts\AppData\Local\Programs\MiKTeX\tex/generic/pgf/frontendlayer/tik
z/libraries\tikzlibrarytopaths.code.tex
File: tikzlibrarytopaths.code.tex 2023-01-15 v3.1.10 (3.1.10)
)))
(C:\Users\marts\AppData\Local\Programs\MiKTeX\tex/latex/tikz-qtree\tikz-qtree.s
ty
(C:\Users\marts\AppData\Local\Programs\MiKTeX\tex/latex/tikz-qtree\pgftree.sty
(C:\Users\marts\AppData\Local\Programs\MiKTeX\tex/latex/tikz-qtree\pgfsubpic.st
y
(C:\Users\marts\AppData\Local\Programs\MiKTeX\tex/generic/tikz-qtree\pgfsubpic.
tex
\pgf@subpicminx=\dimen308
\pgf@subpicminy=\dimen309
\pgf@subpicmaxx=\dimen310
\pgf@subpicmaxy=\dimen311
))
(C:\Users\marts\AppData\Local\Programs\MiKTeX\tex/generic/tikz-qtree\pgftree.te
x
\levelsep=\dimen312
\subtreesep=\dimen313
\smuggle@levelsep=\dimen314
\smuggle@subtreesep=\dimen315
\this@levelsep=\dimen316
\this@subtreesep=\dimen317
\pgftree@childx=\dimen318
\pgftree@savechildx=\dimen319
\pgftree@childy=\dimen320
\pgftree@savechildy=\dimen321
\pgftree@childi=\count354
\pgftree@savechildi=\count355
\pgftree@level=\count356
\pgftree@depth=\dimen322
\pgf@subpic@hbox@children=\box83
\pgf@subpic@minx@children=\dimen323
\pgf@subpic@miny@children=\dimen324
\pgf@subpic@maxx@children=\dimen325
\pgf@subpic@maxy@children=\dimen326
\pgftree@lastchildx=\dimen327
\pgftree@lastchildy=\dimen328
))
(C:\Users\marts\AppData\Local\Programs\MiKTeX\tex/generic/tikz-qtree\tikz-qtree
.tex
\@result=\toks51
\child@list=\toks52
\root@node=\toks53
))
(C:\Users\marts\AppData\Local\Programs\MiKTeX\tex/generic/pgf/frontendlayer/tik
z/libraries\tikzlibrarypositioning.code.tex
File: tikzlibrarypositioning.code.tex 2023-01-15 v3.1.10 (3.1.10)
)
(C:\Users\marts\AppData\Local\Programs\MiKTeX\tex/generic/pgf/frontendlayer/tik
z/libraries\tikzlibraryshapes.code.tex
File: tikzlibraryshapes.code.tex 2023-01-15 v3.1.10 (3.1.10)

(C:\Users\marts\AppData\Local\Programs\MiKTeX\tex/generic/pgf/frontendlayer/tik
z/libraries\tikzlibraryshapes.geometric.code.tex
File: tikzlibraryshapes.geometric.code.tex 2023-01-15 v3.1.10 (3.1.10)

(C:\Users\marts\AppData\Local\Programs\MiKTeX\tex/generic/pgf/libraries/shapes\
pgflibraryshapes.geometric.code.tex
File: pgflibraryshapes.geometric.code.tex 2023-01-15 v3.1.10 (3.1.10)
))
(C:\Users\marts\AppData\Local\Programs\MiKTeX\tex/generic/pgf/frontendlayer/tik
z/libraries\tikzlibraryshapes.misc.code.tex
File: tikzlibraryshapes.misc.code.tex 2023-01-15 v3.1.10 (3.1.10)

(C:\Users\marts\AppData\Local\Programs\MiKTeX\tex/generic/pgf/libraries/shapes\
pgflibraryshapes.misc.code.tex
File: pgflibraryshapes.misc.code.tex 2023-01-15 v3.1.10 (3.1.10)
))
(C:\Users\marts\AppData\Local\Programs\MiKTeX\tex/generic/pgf/frontendlayer/tik
z/libraries\tikzlibraryshapes.symbols.code.tex
File: tikzlibraryshapes.symbols.code.tex 2023-01-15 v3.1.10 (3.1.10)

(C:\Users\marts\AppData\Local\Programs\MiKTeX\tex/generic/pgf/libraries/shapes\
pgflibraryshapes.symbols.code.tex
File: pgflibraryshapes.symbols.code.tex 2023-01-15 v3.1.10 (3.1.10)
))
(C:\Users\marts\AppData\Local\Programs\MiKTeX\tex/generic/pgf/frontendlayer/tik
z/libraries\tikzlibraryshapes.arrows.code.tex
File: tikzlibraryshapes.arrows.code.tex 2023-01-15 v3.1.10 (3.1.10)

(C:\Users\marts\AppData\Local\Programs\MiKTeX\tex/generic/pgf/libraries/shapes\
pgflibraryshapes.arrows.code.tex
File: pgflibraryshapes.arrows.code.tex 2023-01-15 v3.1.10 (3.1.10)
))
(C:\Users\marts\AppData\Local\Programs\MiKTeX\tex/generic/pgf/frontendlayer/tik
z/libraries\tikzlibraryshapes.callouts.code.tex
(C:\Users\marts\AppData\Local\Programs\MiKTeX\tex/generic/pgf/libraries/shapes\
pgflibraryshapes.callouts.code.tex))
(C:\Users\marts\AppData\Local\Programs\MiKTeX\tex/generic/pgf/frontendlayer/tik
z/libraries\tikzlibraryshapes.multipart.code.tex
File: tikzlibraryshapes.multipart.code.tex 2023-01-15 v3.1.10 (3.1.10)

(C:\Users\marts\AppData\Local\Programs\MiKTeX\tex/generic/pgf/libraries/shapes\
pgflibraryshapes.multipart.code.tex
File: pgflibraryshapes.multipart.code.tex 2023-01-15 v3.1.10 (3.1.10)
\pgfnodepartlowerbox=\box84
\pgfnodeparttwobox=\box85
\pgfnodepartthreebox=\box86
\pgfnodepartfourbox=\box87
\pgfnodeparttwentybox=\box88
\pgfnodepartnineteenbox=\box89
\pgfnodeparteighteenbox=\box90
\pgfnodepartseventeenbox=\box91
\pgfnodepartsixteenbox=\box92
\pgfnodepartfifteenbox=\box93
\pgfnodepartfourteenbox=\box94
\pgfnodepartthirteenbox=\box95
\pgfnodeparttwelvebox=\box96
\pgfnodepartelevenbox=\box97
\pgfnodeparttenbox=\box98
\pgfnodepartninebox=\box99
\pgfnodeparteightbox=\box100
\pgfnodepartsevenbox=\box101
\pgfnodepartsixbox=\box102
\pgfnodepartfivebox=\box103
)))
(C:\Users\marts\AppData\Local\Programs\MiKTeX\tex/generic/pgf/frontendlayer/tik
z/libraries\tikzlibrarytrees.code.tex
File: tikzlibrarytrees.code.tex 2023-01-15 v3.1.10 (3.1.10)
)
(C:\Users\marts\AppData\Local\Programs\MiKTeX\tex/generic/pgf/frontendlayer/tik
z/libraries\tikzlibrarybackgrounds.code.tex
File: tikzlibrarybackgrounds.code.tex 2023-01-15 v3.1.10 (3.1.10)
\pgf@layerbox@background=\box104
\pgf@layerboxsaved@background=\box105
)
(C:\Users\marts\AppData\Local\Programs\MiKTeX\tex/latex/algorithms\algorithm.st
y
Package: algorithm 2009/08/24 v0.1 Document Style `algorithm' - floating enviro
nment
 (C:\Users\marts\AppData\Local\Programs\MiKTeX\tex/latex/float\float.sty
Package: float 2001/11/08 v1.3d Float enhancements (AL)
\c@float@type=\count357
\float@exts=\toks54
\float@box=\box106
\@float@everytoks=\toks55
\@floatcapt=\box107
)
(C:\Users\marts\AppData\Local\Programs\MiKTeX\tex/latex/base\ifthen.sty
Package: ifthen 2024/03/16 v1.1e Standard LaTeX ifthen package (DPC)
)
\@float@every@algorithm=\toks56
\c@algorithm=\count358
)
(C:\Users\marts\AppData\Local\Programs\MiKTeX\tex/latex/algorithms\algorithmic.
sty
Package: algorithmic 2009/08/24 v0.1 Document Style `algorithmic'
\c@ALC@unique=\count359
\c@ALC@line=\count360
\c@ALC@rem=\count361
\c@ALC@depth=\count362
\ALC@tlm=\skip66
\algorithmicindent=\skip67
)
(C:\Users\marts\AppData\Local\Programs\MiKTeX\tex/latex/tools\longtable.sty
Package: longtable 2024-04-26 v4.20 Multi-page Table package (DPC)
\LTleft=\skip68
\LTright=\skip69
\LTpre=\skip70
\LTpost=\skip71
\LTchunksize=\count363
\LTcapwidth=\dimen329
\LT@head=\box108
\LT@firsthead=\box109
\LT@foot=\box110
\LT@lastfoot=\box111
\LT@gbox=\box112
\LT@cols=\count364
\LT@rows=\count365
\c@LT@tables=\count366
\c@LT@chunks=\count367
\LT@p@ftn=\toks57
)
(C:\Users\marts\AppData\Local\Programs\MiKTeX\tex/latex/caption\caption.sty
Package: caption 2023/08/05 v3.6o Customizing captions (AR)

(C:\Users\marts\AppData\Local\Programs\MiKTeX\tex/latex/caption\caption3.sty
Package: caption3 2023/07/31 v2.4d caption3 kernel (AR)
\caption@tempdima=\dimen330
\captionmargin=\dimen331
\caption@leftmargin=\dimen332
\caption@rightmargin=\dimen333
\caption@width=\dimen334
\caption@indent=\dimen335
\caption@parindent=\dimen336
\caption@hangindent=\dimen337
Package caption Info: beamer document class detected.

(C:\Users\marts\AppData\Local\Programs\MiKTeX\tex/latex/caption\caption-beamer.
sto
File: caption-beamer.sto 2022/01/06 v2.0c Adaption of the caption package to th
e beamer document classes (AR)
))
\c@caption@flags=\count368
\c@continuedfloat=\count369
Package caption Info: float package is loaded.
Package caption Info: hyperref package is loaded.
Package caption Info: Hyperref support is turned off
(caption)             because hyperref has stopped early.
Package caption Info: longtable package is loaded.

(C:\Users\marts\AppData\Local\Programs\MiKTeX\tex/latex/caption\ltcaption.sty
Package: ltcaption 2021/01/08 v1.4c longtable captions (AR)
))
(C:\Users\marts\AppData\Local\Programs\MiKTeX\tex/latex/adjustbox\adjustbox.sty
Package: adjustbox 2025/02/26 v1.3c Adjusting TeX boxes (trim, clip, ...)
(C:\Users\marts\AppData\Local\Programs\MiKTeX\tex/latex/xkeyval\xkeyval.sty
Package: xkeyval 2022/06/16 v2.9 package option processing (HA)

(C:\Users\marts\AppData\Local\Programs\MiKTeX\tex/generic/xkeyval\xkeyval.tex
(C:\Users\marts\AppData\Local\Programs\MiKTeX\tex/generic/xkeyval\xkvutils.tex
\XKV@toks=\toks58
\XKV@tempa@toks=\toks59
)
\XKV@depth=\count370
File: xkeyval.tex 2014/12/03 v2.7a key=value parser (HA)
))
(C:\Users\marts\AppData\Local\Programs\MiKTeX\tex/latex/adjustbox\adjcalc.sty
Package: adjcalc 2012/05/16 v1.1 Provides advanced setlength with multiple back
-ends (calc, etex, pgfmath)
)
(C:\Users\marts\AppData\Local\Programs\MiKTeX\tex/latex/adjustbox\trimclip.sty
Package: trimclip 2025/02/21 v1.2a Trim and clip general TeX material

(C:\Users\marts\AppData\Local\Programs\MiKTeX\tex/latex/collectbox\collectbox.s
ty
Package: collectbox 2022/10/17 v0.4c Collect macro arguments as boxes
\collectedbox=\box113
)
\tc@llx=\dimen338
\tc@lly=\dimen339
\tc@urx=\dimen340
\tc@ury=\dimen341
Package trimclip Info: Using driver 'tc-dvips.def'.

(C:\Users\marts\AppData\Local\Programs\MiKTeX\tex/latex/adjustbox\tc-dvips.def
File: tc-dvips.def 2019/01/04 v2.2 Clipping driver for dvips
))
\adjbox@Width=\dimen342
\adjbox@Height=\dimen343
\adjbox@Depth=\dimen344
\adjbox@Totalheight=\dimen345
\adjbox@pwidth=\dimen346
\adjbox@pheight=\dimen347
\adjbox@pdepth=\dimen348
\adjbox@ptotalheight=\dimen349

(C:\Users\marts\AppData\Local\Programs\MiKTeX\tex/latex/ifoddpage\ifoddpage.sty
Package: ifoddpage 2022/10/18 v1.2 Conditionals for odd/even page detection
\c@checkoddpage=\count371
) (C:\Users\marts\AppData\Local\Programs\MiKTeX\tex/latex/varwidth\varwidth.sty
Package: varwidth 2009/03/30 ver 0.92;  Variable-width minipages
\@vwid@box=\box114
\sift@deathcycles=\count372
\@vwid@loff=\dimen350
\@vwid@roff=\dimen351
)) (C:\Users\marts\AppData\Local\Programs\MiKTeX\tex/latex/tools\array.sty
Package: array 2024/06/14 v2.6d Tabular extension package (FMi)
\col@sep=\dimen352
\ar@mcellbox=\box115
\extrarowheight=\dimen353
\NC@list=\toks60
\extratabsurround=\skip72
\backup@length=\skip73
\ar@cellbox=\box116
)
(C:\Users\marts\AppData\Local\Programs\MiKTeX\tex/latex/booktabs\booktabs.sty
Package: booktabs 2020/01/12 v1.61803398 Publication quality tables
\heavyrulewidth=\dimen354
\lightrulewidth=\dimen355
\cmidrulewidth=\dimen356
\belowrulesep=\dimen357
\belowbottomsep=\dimen358
\aboverulesep=\dimen359
\abovetopsep=\dimen360
\cmidrulesep=\dimen361
\cmidrulekern=\dimen362
\defaultaddspace=\dimen363
\@cmidla=\count373
\@cmidlb=\count374
\@aboverulesep=\dimen364
\@belowrulesep=\dimen365
\@thisruleclass=\count375
\@lastruleclass=\count376
\@thisrulewidth=\dimen366
)
\c@result=\count377

(C:\Users\marts\AppData\Local\Programs\MiKTeX\tex/latex/l3backend\l3backend-dvi
ps.def
File: l3backend-dvips.def 2024-05-08 L3 backend support: dvips
\l__pdf_internal_box=\box117
\l__pdf_backend_content_box=\box118
\l__pdf_backend_model_box=\box119
\g__pdf_backend_annotation_int=\count378
\g__pdf_backend_link_int=\count379
\g__pdf_backend_link_sf_int=\count380
) (presentation.aux)
\openout1 = `presentation.aux'.

LaTeX Font Info:    Checking defaults for OML/cmm/m/it on input line 32.
LaTeX Font Info:    ... okay on input line 32.
LaTeX Font Info:    Checking defaults for OMS/cmsy/m/n on input line 32.
LaTeX Font Info:    ... okay on input line 32.
LaTeX Font Info:    Checking defaults for OT1/cmr/m/n on input line 32.
LaTeX Font Info:    ... okay on input line 32.
LaTeX Font Info:    Checking defaults for T1/cmr/m/n on input line 32.
LaTeX Font Info:    ... okay on input line 32.
LaTeX Font Info:    Checking defaults for TS1/cmr/m/n on input line 32.
LaTeX Font Info:    ... okay on input line 32.
LaTeX Font Info:    Checking defaults for OMX/cmex/m/n on input line 32.
LaTeX Font Info:    ... okay on input line 32.
LaTeX Font Info:    Checking defaults for U/cmr/m/n on input line 32.
LaTeX Font Info:    ... okay on input line 32.
LaTeX Font Info:    Checking defaults for PD1/pdf/m/n on input line 32.
LaTeX Font Info:    ... okay on input line 32.
LaTeX Font Info:    Checking defaults for PU/pdf/m/n on input line 32.
LaTeX Font Info:    ... okay on input line 32.

*geometry* driver: auto-detecting
*geometry* detected driver: dvips
*geometry* verbose mode - [ preamble ] result:
* driver: dvips
* paper: custom
* layout: <same size as paper>
* layoutoffset:(h,v)=(0.0pt,0.0pt)
* modes: includehead includefoot 
* h-part:(L,W,R)=(10.95003pt, 342.2953pt, 10.95003pt)
* v-part:(T,H,B)=(0.0pt, 273.14662pt, 0.0pt)
* \paperwidth=364.19536pt
* \paperheight=273.14662pt
* \textwidth=342.2953pt
* \textheight=244.6939pt
* \oddsidemargin=-61.31996pt
* \evensidemargin=-61.31996pt
* \topmargin=-72.26999pt
* \headheight=14.22636pt
* \headsep=0.0pt
* \topskip=11.0pt
* \footskip=14.22636pt
* \marginparwidth=4.0pt
* \marginparsep=10.0pt
* \columnsep=10.0pt
* \skip\footins=10.0pt plus 4.0pt minus 2.0pt
* \hoffset=0.0pt
* \voffset=0.0pt
* \mag=1000
* \@twocolumnfalse
* \@twosidefalse
* \@mparswitchfalse
* \@reversemarginfalse
* (1in=72.27pt=25.4mm, 1cm=28.453pt)

Package hyperref Info: Link coloring OFF on input line 32.
(presentation.out) (presentation.out)
\@outlinefile=\write5
\openout5 = `presentation.out'.



Package hyperref Warning: Rerun to get /PageLabels entry.

LaTeX Font Info:    Overwriting symbol font `operators' in version `normal'
(Font)                  OT1/cmr/m/n --> OT1/cmss/m/n on input line 32.
LaTeX Font Info:    Overwriting symbol font `operators' in version `bold'
(Font)                  OT1/cmr/bx/n --> OT1/cmss/b/n on input line 32.
\symnumbers=\mathgroup6
\sympureletters=\mathgroup7
LaTeX Font Info:    Overwriting math alphabet `\mathrm' in version `normal'
(Font)                  OT1/cmss/m/n --> OT1/cmr/m/n on input line 32.
LaTeX Font Info:    Redeclaring math alphabet \mathbf on input line 32.
LaTeX Font Info:    Overwriting math alphabet `\mathbf' in version `normal'
(Font)                  OT1/cmr/bx/n --> OT1/cmss/b/n on input line 32.
LaTeX Font Info:    Overwriting math alphabet `\mathbf' in version `bold'
(Font)                  OT1/cmr/bx/n --> OT1/cmss/b/n on input line 32.
LaTeX Font Info:    Redeclaring math alphabet \mathsf on input line 32.
LaTeX Font Info:    Overwriting math alphabet `\mathsf' in version `normal'
(Font)                  OT1/cmss/m/n --> OT1/cmss/m/n on input line 32.
LaTeX Font Info:    Overwriting math alphabet `\mathsf' in version `bold'
(Font)                  OT1/cmss/bx/n --> OT1/cmss/m/n on input line 32.
LaTeX Font Info:    Redeclaring math alphabet \mathit on input line 32.
LaTeX Font Info:    Overwriting math alphabet `\mathit' in version `normal'
(Font)                  OT1/cmr/m/it --> OT1/cmss/m/it on input line 32.
LaTeX Font Info:    Overwriting math alphabet `\mathit' in version `bold'
(Font)                  OT1/cmr/bx/it --> OT1/cmss/m/it on input line 32.
LaTeX Font Info:    Redeclaring math alphabet \mathtt on input line 32.
LaTeX Font Info:    Overwriting math alphabet `\mathtt' in version `normal'
(Font)                  OT1/cmtt/m/n --> OT1/cmtt/m/n on input line 32.
LaTeX Font Info:    Overwriting math alphabet `\mathtt' in version `bold'
(Font)                  OT1/cmtt/m/n --> OT1/cmtt/m/n on input line 32.
LaTeX Font Info:    Overwriting symbol font `numbers' in version `bold'
(Font)                  OT1/cmss/m/n --> OT1/cmss/b/n on input line 32.
LaTeX Font Info:    Overwriting symbol font `pureletters' in version `bold'
(Font)                  OT1/cmss/m/it --> OT1/cmss/b/it on input line 32.
LaTeX Font Info:    Overwriting math alphabet `\mathrm' in version `bold'
(Font)                  OT1/cmss/b/n --> OT1/cmr/b/n on input line 32.
LaTeX Font Info:    Overwriting math alphabet `\mathbf' in version `bold'
(Font)                  OT1/cmss/b/n --> OT1/cmss/b/n on input line 32.
LaTeX Font Info:    Overwriting math alphabet `\mathsf' in version `bold'
(Font)                  OT1/cmss/m/n --> OT1/cmss/b/n on input line 32.
LaTeX Font Info:    Overwriting math alphabet `\mathit' in version `bold'
(Font)                  OT1/cmss/m/it --> OT1/cmss/b/it on input line 32.
LaTeX Font Info:    Overwriting math alphabet `\mathtt' in version `bold'
(Font)                  OT1/cmtt/m/n --> OT1/cmtt/b/n on input line 32.
LaTeX Font Info:    Redeclaring symbol font `pureletters' on input line 32.
LaTeX Font Info:    Overwriting symbol font `pureletters' in version `normal'
(Font)                  OT1/cmss/m/it --> OT1/mathkerncmss/m/sl on input line 3
2.
LaTeX Font Info:    Overwriting symbol font `pureletters' in version `bold'
(Font)                  OT1/cmss/b/it --> OT1/mathkerncmss/m/sl on input line 3
2.
LaTeX Font Info:    Overwriting symbol font `pureletters' in version `bold'
(Font)                  OT1/mathkerncmss/m/sl --> OT1/mathkerncmss/bx/sl on inp
ut line 32.

(C:\Users\marts\AppData\Local\Programs\MiKTeX\tex/latex/translator\translator-b
asic-dictionary-English.dict
Dictionary: translator-basic-dictionary, Language: English 
)
(C:\Users\marts\AppData\Local\Programs\MiKTeX\tex/latex/translator\translator-b
ibliography-dictionary-English.dict
Dictionary: translator-bibliography-dictionary, Language: English 
)
(C:\Users\marts\AppData\Local\Programs\MiKTeX\tex/latex/translator\translator-e
nvironment-dictionary-English.dict
Dictionary: translator-environment-dictionary, Language: English 
)
(C:\Users\marts\AppData\Local\Programs\MiKTeX\tex/latex/translator\translator-m
onths-dictionary-English.dict
Dictionary: translator-months-dictionary, Language: English 
)
(C:\Users\marts\AppData\Local\Programs\MiKTeX\tex/latex/translator\translator-n
umbers-dictionary-English.dict
Dictionary: translator-numbers-dictionary, Language: English 
)
(C:\Users\marts\AppData\Local\Programs\MiKTeX\tex/latex/translator\translator-t
heorem-dictionary-English.dict
Dictionary: translator-theorem-dictionary, Language: English 
)
Package caption Info: Begin \AtBeginDocument code.
Package caption Info: End \AtBeginDocument code.
 (presentation.nav)
Overfull \hbox (186.90292pt too wide) in paragraph at lines 32--32
 [][][][][]  
 []


Overfull \hbox (186.90292pt too wide) in paragraph at lines 36--36
 [][][][][]  
 []




Overfull \hbox (186.90292pt too wide) has occurred while \output is active
 [][][][][]  
 []

[1

]
Overfull \hbox (186.90292pt too wide) in paragraph at lines 40--40
 [][][][][]  
 []

(presentation.toc)


Overfull \hbox (186.90292pt too wide) has occurred while \output is active
 [][][][][]  
 []

[2

]
Overfull \hbox (186.90292pt too wide) in paragraph at lines 51--51
 [][][][][]  
 []




Overfull \hbox (186.90292pt too wide) has occurred while \output is active
 [][][][][]  
 []

[3

]
Overfull \hbox (186.90292pt too wide) in paragraph at lines 75--75
 [][][][][]  
 []

LaTeX Font Info:    Trying to load font information for U+msa on input line 75.

(C:\Users\marts\AppData\Local\Programs\MiKTeX\tex/latex/amsfonts\umsa.fd
File: umsa.fd 2013/01/14 v3.01 AMS symbols A
)
LaTeX Font Info:    Trying to load font information for U+msb on input line 75.


(C:\Users\marts\AppData\Local\Programs\MiKTeX\tex/latex/amsfonts\umsb.fd
File: umsb.fd 2013/01/14 v3.01 AMS symbols B
)
LaTeX Font Info:    Trying to load font information for OT1+mathkerncmss on inp
ut line 75.

(C:\Users\marts\AppData\Local\Programs\MiKTeX\tex/latex/sansmathaccent\ot1mathk
erncmss.fd
File: ot1mathkerncmss.fd 2020/01/31 Fontinst v1.933 font definitions for OT1/ma
thkerncmss.
)


Overfull \hbox (186.90292pt too wide) has occurred while \output is active
 [][][][][]  
 []

[4

]
Overfull \hbox (186.90292pt too wide) in paragraph at lines 91--91
 [][][][][]  
 []




Overfull \hbox (186.90292pt too wide) has occurred while \output is active
 [][][][][]  
 []

[5

]
Overfull \hbox (186.90292pt too wide) in paragraph at lines 106--106
 [][][][][]  
 []




Overfull \hbox (186.90292pt too wide) has occurred while \output is active
 [][][][][]  
 []

[6

]
Overfull \hbox (186.90292pt too wide) in paragraph at lines 172--172
 [][][][][]  
 []




Overfull \hbox (186.90292pt too wide) has occurred while \output is active
 [][][][][]  
 []

[7

]
Overfull \hbox (186.90292pt too wide) in paragraph at lines 182--182
 [][][][][]  
 []




Overfull \hbox (186.90292pt too wide) has occurred while \output is active
 [][][][][]  
 []

[8

]
Overfull \hbox (186.90292pt too wide) in paragraph at lines 197--197
 [][][][][]  
 []




Overfull \hbox (186.90292pt too wide) has occurred while \output is active
 [][][][][]  
 []

[9

]
Overfull \hbox (186.90292pt too wide) in paragraph at lines 199--199
 [][][][][]  
 []

\openout4 = `presentation.vrb'.


Overfull \hbox (186.90292pt too wide) in paragraph at lines 224--224
 [][][][][]  
 []

(presentation.vrb

LaTeX Font Warning: Font shape `OT1/cmss/m/sc' in size <10.95> not available
(Font)              Font shape `OT1/cmr/m/sc' tried instead on input line 8.

)
Overfull \vbox (8.08443pt too high) detected at line 224
 []




Overfull \hbox (186.90292pt too wide) has occurred while \output is active
 [][][][][]  
 []

[10

]
Overfull \hbox (186.90292pt too wide) in paragraph at lines 381--381
 [][][][][]  
 []




Overfull \hbox (186.90292pt too wide) has occurred while \output is active
 [][][][][]  
 []

[11

]
Overfull \hbox (186.90292pt too wide) in paragraph at lines 401--401
 [][][][][]  
 []




Overfull \hbox (186.90292pt too wide) has occurred while \output is active
 [][][][][]  
 []

[12

]
Overfull \hbox (186.90292pt too wide) in paragraph at lines 418--418
 [][][][][]  
 []




Overfull \hbox (186.90292pt too wide) has occurred while \output is active
 [][][][][]  
 []

[13

]
Overfull \hbox (186.90292pt too wide) in paragraph at lines 427--427
 [][][][][]  
 []




Overfull \hbox (186.90292pt too wide) has occurred while \output is active
 [][][][][]  
 []

[14

]
Overfull \hbox (186.90292pt too wide) in paragraph at lines 435--435
 [][][][][]  
 []




Overfull \hbox (186.90292pt too wide) has occurred while \output is active
 [][][][][]  
 []

[15

]
Overfull \hbox (186.90292pt too wide) in paragraph at lines 448--448
 [][][][][]  
 []




Overfull \hbox (186.90292pt too wide) has occurred while \output is active
 [][][][][]  
 []

[16

]
Overfull \hbox (186.90292pt too wide) in paragraph at lines 463--463
 [][][][][]  
 []




Overfull \hbox (186.90292pt too wide) has occurred while \output is active
 [][][][][]  
 []

[17

]
Overfull \hbox (186.90292pt too wide) in paragraph at lines 478--478
 [][][][][]  
 []




Overfull \hbox (186.90292pt too wide) has occurred while \output is active
 [][][][][]  
 []

[18

]
Overfull \hbox (186.90292pt too wide) in paragraph at lines 496--496
 [][][][][]  
 []




Overfull \hbox (186.90292pt too wide) has occurred while \output is active
 [][][][][]  
 []

[19

]
Overfull \hbox (186.90292pt too wide) in paragraph at lines 518--518
 [][][][][]  
 []


LaTeX Font Warning: Font shape `OT1/cmss/bx/it' undefined
(Font)              using `OT1/cmss/b/it' instead on input line 518.


LaTeX Font Warning: Font shape `OT1/cmss/b/it' undefined
(Font)              using `OT1/cmss/b/n' instead on input line 518.

LaTeX Font Info:    Font shape `OT1/cmss/b/n' in size <10.95> not available
(Font)              Font shape `OT1/cmss/bx/n' tried instead on input line 518.


LaTeX Font Warning: Font shape `OT1/cmss/bx/it' undefined
(Font)              using `OT1/cmss/b/it' instead on input line 518.

LaTeX Font Info:    Font shape `OT1/cmss/b/it' in size <10.95> not available
(Font)              Font shape `OT1/cmss/bx/n' tried instead on input line 518.




Overfull \hbox (186.90292pt too wide) has occurred while \output is active
 [][][][][]  
 []

[20

]
Overfull \hbox (186.90292pt too wide) in paragraph at lines 525--525
 [][][][][]  
 []




Overfull \hbox (186.90292pt too wide) has occurred while \output is active
 [][][][][]  
 []

[21

]
Overfull \hbox (186.90292pt too wide) in paragraph at lines 559--559
 [][][][][]  
 []




Overfull \hbox (186.90292pt too wide) has occurred while \output is active
 [][][][][]  
 []

[22

]
Overfull \hbox (186.90292pt too wide) in paragraph at lines 611--611
 [][][][][]  
 []




Overfull \hbox (186.90292pt too wide) has occurred while \output is active
 [][][][][]  
 []

[23

]
Overfull \hbox (186.90292pt too wide) in paragraph at lines 675--675
 [][][][][]  
 []

LaTeX Font Info:    Trying to load font information for OMS+cmss on input line 
675.
LaTeX Font Info:    No file OMScmss.fd. on input line 675.

LaTeX Font Warning: Font shape `OMS/cmss/m/n' undefined
(Font)              using `OMS/cmsy/m/n' instead
(Font)              for symbol `textbraceleft' on input line 675.


Overfull \hbox (17.11057pt too wide) in paragraph at lines 675--675
[]$[]$$[]$$[]$  
 []




Overfull \hbox (186.90292pt too wide) has occurred while \output is active
 [][][][][]  
 []

[24

]
Overfull \hbox (186.90292pt too wide) in paragraph at lines 781--781
 [][][][][]  
 []


Overfull \hbox (73.11272pt too wide) in paragraph at lines 781--781
[][] 
 []




Overfull \hbox (186.90292pt too wide) has occurred while \output is active
 [][][][][]  
 []

[25

]
Overfull \hbox (186.90292pt too wide) in paragraph at lines 873--873
 [][][][][]  
 []


Overfull \hbox (37.56694pt too wide) in paragraph at lines 873--873
 [][] 
 []




Overfull \hbox (186.90292pt too wide) has occurred while \output is active
 [][][][][]  
 []

[26

]
Overfull \hbox (186.90292pt too wide) in paragraph at lines 883--883
 [][][][][]  
 []




Overfull \hbox (186.90292pt too wide) has occurred while \output is active
 [][][][][]  
 []

[27

]
Overfull \hbox (186.90292pt too wide) in paragraph at lines 891--891
 [][][][][]  
 []




Overfull \hbox (186.90292pt too wide) has occurred while \output is active
 [][][][][]  
 []

[28

]
Overfull \hbox (186.90292pt too wide) in paragraph at lines 908--908
 [][][][][]  
 []




Overfull \hbox (186.90292pt too wide) has occurred while \output is active
 [][][][][]  
 []

[29

]
Overfull \hbox (186.90292pt too wide) in paragraph at lines 922--922
 [][][][][]  
 []




Overfull \hbox (186.90292pt too wide) has occurred while \output is active
 [][][][][]  
 []

[30

]
Overfull \hbox (186.90292pt too wide) in paragraph at lines 931--931
 [][][][][]  
 []




Overfull \hbox (186.90292pt too wide) has occurred while \output is active
 [][][][][]  
 []

[31

]
Overfull \hbox (186.90292pt too wide) in paragraph at lines 945--945
 [][][][][]  
 []




Overfull \hbox (186.90292pt too wide) has occurred while \output is active
 [][][][][]  
 []

[32

]
Overfull \hbox (186.90292pt too wide) in paragraph at lines 1155--1155
 [][][][][]  
 []


Overfull \hbox (1.7736pt too wide) in paragraph at lines 1155--1155
 [] 
 []




Overfull \hbox (186.90292pt too wide) has occurred while \output is active
 [][][][][]  
 []

[33

]
Overfull \hbox (186.90292pt too wide) in paragraph at lines 1177--1177
 [][][][][]  
 []




Overfull \hbox (186.90292pt too wide) has occurred while \output is active
 [][][][][]  
 []

[34

]
Overfull \hbox (186.90292pt too wide) in paragraph at lines 1179--1179
 [][][][][]  
 []

\openout4 = `presentation.vrb'.


Overfull \hbox (186.90292pt too wide) in paragraph at lines 1202--1202
 [][][][][]  
 []

(presentation.vrb)
Overfull \vbox (30.81529pt too high) detected at line 1202
 []




Overfull \hbox (186.90292pt too wide) has occurred while \output is active
 [][][][][]  
 []

[35

]
Overfull \hbox (186.90292pt too wide) in paragraph at lines 1220--1220
 [][][][][]  
 []




Overfull \hbox (186.90292pt too wide) has occurred while \output is active
 [][][][][]  
 []

[36

]
Overfull \hbox (186.90292pt too wide) in paragraph at lines 1242--1242
 [][][][][]  
 []




Overfull \hbox (186.90292pt too wide) has occurred while \output is active
 [][][][][]  
 []

[37

]
Overfull \hbox (186.90292pt too wide) in paragraph at lines 1249--1249
 [][][][][]  
 []




Overfull \hbox (186.90292pt too wide) has occurred while \output is active
 [][][][][]  
 []

[38

]

Package hyperref Warning: Token not allowed in a PDF string (Unicode):
(hyperref)                removing `\translate ' on input line 1252.


Overfull \hbox (186.90292pt too wide) in paragraph at lines 1265--1265
 [][][][][]  
 []



[39

]
Overfull \hbox (186.90292pt too wide) in paragraph at lines 1271--1271
 [][][][][]  
 []




Overfull \hbox (186.90292pt too wide) has occurred while \output is active
 [][][][][]  
 []

[40

]
Overfull \hbox (186.90292pt too wide) in paragraph at lines 1303--1303
 [][][][][]  
 []




Overfull \hbox (186.90292pt too wide) has occurred while \output is active
 [][][][][]  
 []

[41

]
Overfull \hbox (186.90292pt too wide) in paragraph at lines 1333--1333
 [][][][][]  
 []




Overfull \hbox (186.90292pt too wide) has occurred while \output is active
 [][][][][]  
 []

[42

]
Overfull \hbox (186.90292pt too wide) in paragraph at lines 1339--1339
 [][][][][]  
 []




Overfull \hbox (186.90292pt too wide) has occurred while \output is active
 [][][][][]  
 []

[43

]
Overfull \hbox (186.90292pt too wide) in paragraph at lines 1359--1359
 [][][][][]  
 []


Package pgf Warning: Fading 'bmb@shadowmask342.2953pt162.64838pt' already defin
ed.
(pgf)                Going to replace it with new definition on input line 1359
.




Overfull \hbox (186.90292pt too wide) has occurred while \output is active
 [][][][][]  
 []

[44

]
Overfull \hbox (186.90292pt too wide) in paragraph at lines 1371--1371
 [][][][][]  
 []




Overfull \hbox (186.90292pt too wide) has occurred while \output is active
 [][][][][]  
 []

[45

]
Overfull \hbox (186.90292pt too wide) in paragraph at lines 1383--1383
 [][][][][]  
 []




Overfull \hbox (186.90292pt too wide) has occurred while \output is active
 [][][][][]  
 []

[46

]
Overfull \hbox (186.90292pt too wide) in paragraph at lines 1385--1385
 [][][][][]  
 []

\openout4 = `presentation.vrb'.


Overfull \hbox (186.90292pt too wide) in paragraph at lines 1401--1401
 [][][][][]  
 []

(presentation.vrb)


Overfull \hbox (186.90292pt too wide) has occurred while \output is active
 [][][][][]  
 []

[47

]
Overfull \hbox (186.90292pt too wide) in paragraph at lines 1641--1641
 [][][][][]  
 []




Overfull \hbox (186.90292pt too wide) has occurred while \output is active
 [][][][][]  
 []

[48

]
Overfull \hbox (186.90292pt too wide) in paragraph at lines 1878--1878
 [][][][][]  
 []




Overfull \hbox (186.90292pt too wide) has occurred while \output is active
 [][][][][]  
 []

[49

]
Overfull \hbox (186.90292pt too wide) in paragraph at lines 1898--1898
 [][][][][]  
 []


Package pgf Warning: Fading 'bmb@shadowmask342.2953pt162.64838pt' already defin
ed.
(pgf)                Going to replace it with new definition on input line 1898
.




Overfull \hbox (186.90292pt too wide) has occurred while \output is active
 [][][][][]  
 []

[50

]
\tf@nav=\write6
\openout6 = `presentation.nav'.

\tf@toc=\write7
\openout7 = `presentation.toc'.

\tf@snm=\write8
\openout8 = `presentation.snm'.

 (presentation.aux)
 ***********
LaTeX2e <2024-06-01> patch level 2
L3 programming layer <2024-08-16>
 ***********


LaTeX Font Warning: Some font shapes were not available, defaults substituted.

Package rerunfilecheck Info: File `presentation.out' has not changed.
(rerunfilecheck)             Checksum: 769866D1FF61F8321F6FD742CB9ED742;844.
 ) 
Here is how much of TeX's memory you used:
 30819 strings out of 473900
 634460 string characters out of 5726526
 1978957 words of memory out of 5000000
 53051 multiletter control sequences out of 15000+600000
 579926 words of font info for 113 fonts, out of 8000000 for 9000
 1141 hyphenation exceptions out of 8191
 128i,26n,123p,406b,2519s stack positions out of 10000i,1000n,20000p,200000b,200000s

Output written on presentation.dvi (50 pages, 984992 bytes).
type1/public/amsfonts/cm/cmex10.pfb><C:/Users/marts/AppData/Local/Programs/MiKTeX/fonts/type1/public/amsfonts/cmextra/cmex9.pfb><C:/Users/marts/AppData/Local/Programs/MiKTeX/fonts/type1/public/amsfonts/cm/cmmi10.pfb><C:/Users/marts/AppData/Local/Programs/MiKTeX/fonts/type1/public/amsfonts/cm/cmmi12.pfb><C:/Users/marts/AppData/Local/Programs/MiKTeX/fonts/type1/public/amsfonts/cm/cmmi6.pfb><C:/Users/marts/AppData/Local/Programs/MiKTeX/fonts/type1/public/amsfonts/cm/cmmi8.pfb><C:/Users/marts/AppData/Local/Programs/MiKTeX/fonts/type1/public/amsfonts/cm/cmmi9.pfb><C:/Users/marts/AppData/Local/Programs/MiKTeX/fonts/type1/public/amsfonts/cm/cmss10.pfb><C:/Users/marts/AppData/Local/Programs/MiKTeX/fonts/type1/public/amsfonts/cm/cmss12.pfb><C:/Users/marts/AppData/Local/Programs/MiKTeX/fonts/type1/public/amsfonts/cm/cmss17.pfb><C:/Users/marts/AppData/Local/Programs/MiKTeX/fonts/type1/public/amsfonts/cm/cmss8.pfb><C:/Users/marts/AppData/Local/Programs/MiKTeX/fonts/type1/public/amsfonts/cm/cmss9.pfb><C:/Users/marts/AppData/Local/Programs/MiKTeX/fonts/type1/public/amsfonts/cm/cmssbx10.pfb><C:/Users/marts/AppData/Local/Programs/MiKTeX/fonts/type1/public/amsfonts/cm/cmssi10.pfb><C:/Users/marts/AppData/Local/Programs/MiKTeX/fonts/type1/public/amsfonts/cm/cmssi12.pfb><C:/Users/marts/AppData/Local/Programs/MiKTeX/fonts/type1/public/amsfonts/cm/cmssi17.pfb><C:/Users/marts/AppData/Local/Programs/MiKTeX/fonts/type1/public/amsfonts/cm/cmssi8.pfb><C:/Users/marts/AppData/Local/Programs/MiKTeX/fonts/type1/public/amsfonts/cm/cmssi9.pfb><C:/Users/marts/AppData/Local/Programs/MiKTeX/fonts/type1/public/amsfonts/cm/cmsy10.pfb><C:/Users/marts/AppData/Local/Programs/MiKTeX/fonts/type1/public/amsfonts/cm/cmsy5.pfb><C:/Users/marts/AppData/Local/Programs/MiKTeX/fonts/type1/public/amsfonts/cm/cmsy6.pfb><C:/Users/marts/AppData/Local/Programs/MiKTeX/fonts/type1/public/amsfonts/cm/cmsy7.pfb><C:/Users/marts/AppData/Local/Programs/MiKTeX/fonts/type1/public/amsfonts/cm/cmsy8.pfb><C:/Users/marts/AppData/Local/Programs/MiKTeX/fonts/type1/public/amsfonts/cm/cmsy9.pfb><C:/Users/marts/AppData/Local/Programs/MiKTeX/fonts/type1/public/amsfonts/symbols/msbm10.pfb>
Output written on presentation.pdf (50 pages, 732724 bytes).
PDF statistics:
 1912 PDF objects out of 2073 (max. 8388607)
 128 named destinations out of 1000 (max. 500000)
 685 words of extra memory for PDF output out of 10000 (max. 10000000)

